
> lukeslife@0.1.0 start
> next start --port 3000

▲ Next.js 16.2.9
- Local:         http://localhost:3000
- Network:       http://10.0.0.4:3000
✓ Ready in 197ms

> lukeslife@0.1.0 start
> next start --port 3000

▲ Next.js 16.2.9
- Local:         http://localhost:3000
- Network:       http://10.0.0.4:3000
✓ Ready in 230ms

> lukeslife@0.1.0 start
> next start --port 3000

▲ Next.js 16.2.9
- Local:         http://localhost:3000
- Network:       http://10.0.0.4:3000
✓ Ready in 206ms

> lukeslife@0.1.0 start
> next start --port 3000

▲ Next.js 16.2.9
- Local:         http://localhost:3000
- Network:       http://10.0.0.4:3000
✓ Ready in 227ms

> lukeslife@0.1.0 start
> next start --port 3000

▲ Next.js 16.2.9
- Local:         http://localhost:3000
- Network:       http://10.0.0.4:3000
✓ Ready in 331ms

> lukeslife@0.1.0 start
> next start --port 3000

▲ Next.js 16.2.9
- Local:         http://localhost:3000
- Network:       http://10.0.0.4:3000
✓ Ready in 222ms

> lukeslife@0.1.0 start
> next start --port 3000

▲ Next.js 16.2.9
- Local:         http://localhost:3000
- Network:       http://10.0.0.4:3000
✓ Ready in 226ms

> lukeslife@0.1.0 start
> next start --port 3000

▲ Next.js 16.2.9
- Local:         http://localhost:3000
- Network:       http://10.0.0.4:3000
✓ Ready in 214ms

> lukeslife@0.1.0 start
> next start --port 3000

▲ Next.js 16.2.9
- Local:         http://localhost:3000
- Network:       http://10.0.0.4:3000
✓ Ready in 306ms

> lukeslife@0.1.0 start
> next start --port 3000

▲ Next.js 16.2.9
- Local:         http://localhost:3000
- Network:       http://10.0.0.4:3000
✓ Ready in 210ms

> lukeslife@0.1.0 start
> next start --port 3000

▲ Next.js 16.2.9
- Local:         http://localhost:3000
- Network:       http://10.0.0.4:3000
✓ Ready in 420ms

> lukeslife@0.1.0 start
> next start --port 3000

▲ Next.js 16.2.9
- Local:         http://localhost:3000
- Network:       http://10.0.0.4:3000
✓ Ready in 297ms

> lukeslife@0.1.0 start
> next start --port 3000

▲ Next.js 16.2.9
- Local:         http://localhost:3000
- Network:       http://10.0.0.4:3000
✓ Ready in 287ms

> lukeslife@0.1.0 start
> next start --port 3000

▲ Next.js 16.2.9
- Local:         http://localhost:3000
- Network:       http://10.0.0.4:3000
✓ Ready in 247ms

> lukeslife@0.1.0 start
> next start --port 3000

▲ Next.js 16.2.9
- Local:         http://localhost:3000
- Network:       http://10.0.0.4:3000
✓ Ready in 419ms

> lukeslife@0.1.0 start
> next start --port 3000

▲ Next.js 16.2.9
- Local:         http://localhost:3000
- Network:       http://10.0.0.4:3000
✓ Ready in 212ms

> lukeslife@0.1.0 start
> next start --port 3000

▲ Next.js 16.2.9
- Local:         http://localhost:3000
- Network:       http://10.0.0.4:3000
✓ Ready in 218ms

> lukeslife@0.1.0 start
> next start --port 3000

▲ Next.js 16.2.9
- Local:         http://localhost:3000
- Network:       http://10.0.0.4:3000
✓ Ready in 320ms
